{"/Users/jeffrey_espinelhotmail.com/Documents/jeffrey/meli/x-men-dna-analyzer/src/lib/dna.js": {"path":"/Users/jeffrey_espinelhotmail.com/Documents/jeffrey/meli/x-men-dna-analyzer/src/lib/dna.js","statementMap":{"0":{"start":{"line":3,"column":30},"end":{"line":3,"column":58}},"1":{"start":{"line":5,"column":10},"end":{"line":5,"column":28}},"2":{"start":{"line":6,"column":0},"end":{"line":6,"column":43}},"3":{"start":{"line":7,"column":25},"end":{"line":7,"column":79}},"4":{"start":{"line":9,"column":17},"end":{"line":25,"column":1}},"5":{"start":{"line":10,"column":4},"end":{"line":24,"column":5}},"6":{"start":{"line":11,"column":23},"end":{"line":13,"column":19}},"7":{"start":{"line":15,"column":30},"end":{"line":19,"column":9}},"8":{"start":{"line":21,"column":8},"end":{"line":21,"column":61}},"9":{"start":{"line":23,"column":8},"end":{"line":23,"column":20}},"10":{"start":{"line":27,"column":0},"end":{"line":29,"column":2}}},"fnMap":{"0":{"name":"(anonymous_0)","decl":{"start":{"line":9,"column":17},"end":{"line":9,"column":18}},"loc":{"start":{"line":9,"column":29},"end":{"line":25,"column":1}},"line":9}},"branchMap":{"0":{"loc":{"start":{"line":21,"column":15},"end":{"line":21,"column":60}},"type":"cond-expr","locations":[{"start":{"line":21,"column":35},"end":{"line":21,"column":44}},{"start":{"line":21,"column":47},"end":{"line":21,"column":60}}],"line":21}},"s":{"0":1,"1":1,"2":1,"3":1,"4":1,"5":1,"6":1,"7":1,"8":1,"9":0,"10":1},"f":{"0":1},"b":{"0":[1,0]},"_coverageSchema":"1a1c01bbd47fc00a2c39e90264f33305004495a9","hash":"71d44c0f9e668e9a2036cd7b498bb840e2920ae7"}
,"/Users/jeffrey_espinelhotmail.com/Documents/jeffrey/meli/x-men-dna-analyzer/src/lib/mutant.js": {"path":"/Users/jeffrey_espinelhotmail.com/Documents/jeffrey/meli/x-men-dna-analyzer/src/lib/mutant.js","statementMap":{"0":{"start":{"line":2,"column":18},"end":{"line":2,"column":46}},"1":{"start":{"line":3,"column":54},"end":{"line":3,"column":81}},"2":{"start":{"line":4,"column":43},"end":{"line":4,"column":76}},"3":{"start":{"line":5,"column":26},"end":{"line":5,"column":65}},"4":{"start":{"line":10,"column":8},"end":{"line":10,"column":24}},"5":{"start":{"line":11,"column":8},"end":{"line":11,"column":81}},"6":{"start":{"line":12,"column":8},"end":{"line":12,"column":36}},"7":{"start":{"line":16,"column":8},"end":{"line":16,"column":25}},"8":{"start":{"line":20,"column":8},"end":{"line":20,"column":30}},"9":{"start":{"line":24,"column":8},"end":{"line":24,"column":43}},"10":{"start":{"line":28,"column":38},"end":{"line":28,"column":64}},"11":{"start":{"line":29,"column":8},"end":{"line":29,"column":105}},"12":{"start":{"line":29,"column":53},"end":{"line":29,"column":103}},"13":{"start":{"line":33,"column":8},"end":{"line":33,"column":70}},"14":{"start":{"line":36,"column":17},"end":{"line":59,"column":5}},"15":{"start":{"line":37,"column":89},"end":{"line":41,"column":10}},"16":{"start":{"line":38,"column":50},"end":{"line":38,"column":87}},"17":{"start":{"line":39,"column":58},"end":{"line":39,"column":95}},"18":{"start":{"line":40,"column":58},"end":{"line":40,"column":95}},"19":{"start":{"line":43,"column":26},"end":{"line":43,"column":128}},"20":{"start":{"line":43,"column":122},"end":{"line":43,"column":127}},"21":{"start":{"line":44,"column":25},"end":{"line":44,"column":49}},"22":{"start":{"line":46,"column":8},"end":{"line":55,"column":9}},"23":{"start":{"line":47,"column":31},"end":{"line":51,"column":13}},"24":{"start":{"line":52,"column":37},"end":{"line":52,"column":68}},"25":{"start":{"line":54,"column":12},"end":{"line":54,"column":27}},"26":{"start":{"line":57,"column":8},"end":{"line":57,"column":63}},"27":{"start":{"line":57,"column":23},"end":{"line":57,"column":63}},"28":{"start":{"line":58,"column":8},"end":{"line":58,"column":36}},"29":{"start":{"line":61,"column":15},"end":{"line":61,"column":76}},"30":{"start":{"line":61,"column":30},"end":{"line":61,"column":76}},"31":{"start":{"line":64,"column":0},"end":{"line":64,"column":27}}},"fnMap":{"0":{"name":"(anonymous_0)","decl":{"start":{"line":9,"column":4},"end":{"line":9,"column":5}},"loc":{"start":{"line":9,"column":21},"end":{"line":13,"column":5}},"line":9},"1":{"name":"(anonymous_1)","decl":{"start":{"line":15,"column":4},"end":{"line":15,"column":5}},"loc":{"start":{"line":15,"column":14},"end":{"line":17,"column":5}},"line":15},"2":{"name":"(anonymous_2)","decl":{"start":{"line":19,"column":4},"end":{"line":19,"column":5}},"loc":{"start":{"line":19,"column":19},"end":{"line":21,"column":5}},"line":19},"3":{"name":"(anonymous_3)","decl":{"start":{"line":23,"column":4},"end":{"line":23,"column":5}},"loc":{"start":{"line":23,"column":32},"end":{"line":25,"column":5}},"line":23},"4":{"name":"(anonymous_4)","decl":{"start":{"line":27,"column":4},"end":{"line":27,"column":5}},"loc":{"start":{"line":27,"column":40},"end":{"line":30,"column":5}},"line":27},"5":{"name":"(anonymous_5)","decl":{"start":{"line":29,"column":41},"end":{"line":29,"column":42}},"loc":{"start":{"line":29,"column":53},"end":{"line":29,"column":103}},"line":29},"6":{"name":"(anonymous_6)","decl":{"start":{"line":32,"column":4},"end":{"line":32,"column":5}},"loc":{"start":{"line":32,"column":40},"end":{"line":34,"column":5}},"line":32},"7":{"name":"(anonymous_7)","decl":{"start":{"line":36,"column":17},"end":{"line":36,"column":18}},"loc":{"start":{"line":36,"column":29},"end":{"line":59,"column":5}},"line":36},"8":{"name":"(anonymous_8)","decl":{"start":{"line":38,"column":43},"end":{"line":38,"column":44}},"loc":{"start":{"line":38,"column":50},"end":{"line":38,"column":87}},"line":38},"9":{"name":"(anonymous_9)","decl":{"start":{"line":39,"column":51},"end":{"line":39,"column":52}},"loc":{"start":{"line":39,"column":58},"end":{"line":39,"column":95}},"line":39},"10":{"name":"(anonymous_10)","decl":{"start":{"line":40,"column":51},"end":{"line":40,"column":52}},"loc":{"start":{"line":40,"column":58},"end":{"line":40,"column":95}},"line":40},"11":{"name":"(anonymous_11)","decl":{"start":{"line":43,"column":117},"end":{"line":43,"column":118}},"loc":{"start":{"line":43,"column":122},"end":{"line":43,"column":127}},"line":43},"12":{"name":"(anonymous_12)","decl":{"start":{"line":61,"column":15},"end":{"line":61,"column":16}},"loc":{"start":{"line":61,"column":30},"end":{"line":61,"column":76}},"line":61}},"branchMap":{"0":{"loc":{"start":{"line":57,"column":8},"end":{"line":57,"column":63}},"type":"if","locations":[{"start":{"line":57,"column":8},"end":{"line":57,"column":63}},{"start":{"line":57,"column":8},"end":{"line":57,"column":63}}],"line":57}},"s":{"0":1,"1":1,"2":1,"3":1,"4":4,"5":4,"6":4,"7":2,"8":2,"9":6,"10":2,"11":2,"12":12,"13":2,"14":4,"15":2,"16":12,"17":12,"18":20,"19":2,"20":44,"21":2,"22":2,"23":2,"24":2,"25":0,"26":2,"27":1,"28":1,"29":4,"30":4,"31":1},"f":{"0":4,"1":2,"2":2,"3":6,"4":2,"5":12,"6":2,"7":2,"8":12,"9":12,"10":20,"11":44,"12":4},"b":{"0":[1,1]},"_coverageSchema":"1a1c01bbd47fc00a2c39e90264f33305004495a9","hash":"39437f028a5403ea0100fb67c3c2d2f297a14cb9"}
,"/Users/jeffrey_espinelhotmail.com/Documents/jeffrey/meli/x-men-dna-analyzer/src/lib/utils/constant.js": {"path":"/Users/jeffrey_espinelhotmail.com/Documents/jeffrey/meli/x-men-dna-analyzer/src/lib/utils/constant.js","statementMap":{"0":{"start":{"line":1,"column":38},"end":{"line":1,"column":39}},"1":{"start":{"line":2,"column":35},"end":{"line":2,"column":36}},"2":{"start":{"line":3,"column":22},"end":{"line":3,"column":42}},"3":{"start":{"line":4,"column":22},"end":{"line":4,"column":39}},"4":{"start":{"line":5,"column":18},"end":{"line":5,"column":80}},"5":{"start":{"line":7,"column":0},"end":{"line":13,"column":1}}},"fnMap":{},"branchMap":{},"s":{"0":3,"1":3,"2":3,"3":3,"4":3,"5":3},"f":{},"b":{},"_coverageSchema":"1a1c01bbd47fc00a2c39e90264f33305004495a9","hash":"bde7fbbf14a28bbd2e3c07dca8969bf41191a076"}
,"/Users/jeffrey_espinelhotmail.com/Documents/jeffrey/meli/x-men-dna-analyzer/src/lib/utils/customResponse.js": {"path":"/Users/jeffrey_espinelhotmail.com/Documents/jeffrey/meli/x-men-dna-analyzer/src/lib/utils/customResponse.js","statementMap":{"0":{"start":{"line":3,"column":8},"end":{"line":3,"column":35}},"1":{"start":{"line":4,"column":8},"end":{"line":4,"column":26}},"2":{"start":{"line":5,"column":8},"end":{"line":5,"column":31}},"3":{"start":{"line":11,"column":8},"end":{"line":11,"column":26}},"4":{"start":{"line":12,"column":8},"end":{"line":12,"column":42}},"5":{"start":{"line":16,"column":0},"end":{"line":19,"column":1}}},"fnMap":{"0":{"name":"(anonymous_0)","decl":{"start":{"line":2,"column":4},"end":{"line":2,"column":5}},"loc":{"start":{"line":2,"column":25},"end":{"line":6,"column":5}},"line":2},"1":{"name":"(anonymous_1)","decl":{"start":{"line":10,"column":4},"end":{"line":10,"column":5}},"loc":{"start":{"line":10,"column":18},"end":{"line":13,"column":5}},"line":10}},"branchMap":{},"s":{"0":5,"1":5,"2":5,"3":3,"4":3,"5":2},"f":{"0":5,"1":3},"b":{},"_coverageSchema":"1a1c01bbd47fc00a2c39e90264f33305004495a9","hash":"1c249d13fdd7654e763beed6e4e86021c77b716a"}
,"/Users/jeffrey_espinelhotmail.com/Documents/jeffrey/meli/x-men-dna-analyzer/src/lib/utils/dnaHelper.js": {"path":"/Users/jeffrey_espinelhotmail.com/Documents/jeffrey/meli/x-men-dna-analyzer/src/lib/utils/dnaHelper.js","statementMap":{"0":{"start":{"line":5,"column":4},"end":{"line":5,"column":25}},"1":{"start":{"line":9,"column":8},"end":{"line":9,"column":53}},"2":{"start":{"line":9,"column":33},"end":{"line":9,"column":51}},"3":{"start":{"line":17,"column":28},"end":{"line":23,"column":5}},"4":{"start":{"line":18,"column":18},"end":{"line":18,"column":20}},"5":{"start":{"line":19,"column":8},"end":{"line":21,"column":9}},"6":{"start":{"line":19,"column":21},"end":{"line":19,"column":22}},"7":{"start":{"line":20,"column":12},"end":{"line":20,"column":66}},"8":{"start":{"line":22,"column":8},"end":{"line":22,"column":19}},"9":{"start":{"line":30,"column":30},"end":{"line":49,"column":5}},"10":{"start":{"line":31,"column":24},"end":{"line":31,"column":61}},"11":{"start":{"line":32,"column":29},"end":{"line":32,"column":31}},"12":{"start":{"line":33,"column":8},"end":{"line":47,"column":9}},"13":{"start":{"line":33,"column":21},"end":{"line":33,"column":22}},"14":{"start":{"line":34,"column":36},"end":{"line":34,"column":38}},"15":{"start":{"line":35,"column":12},"end":{"line":38,"column":13}},"16":{"start":{"line":35,"column":25},"end":{"line":35,"column":36}},"17":{"start":{"line":36,"column":26},"end":{"line":36,"column":31}},"18":{"start":{"line":37,"column":16},"end":{"line":37,"column":101}},"19":{"start":{"line":37,"column":43},"end":{"line":37,"column":101}},"20":{"start":{"line":39,"column":12},"end":{"line":39,"column":114}},"21":{"start":{"line":39,"column":75},"end":{"line":39,"column":114}},"22":{"start":{"line":41,"column":43},"end":{"line":41,"column":45}},"23":{"start":{"line":42,"column":12},"end":{"line":45,"column":13}},"24":{"start":{"line":42,"column":25},"end":{"line":42,"column":36}},"25":{"start":{"line":43,"column":24},"end":{"line":43,"column":41}},"26":{"start":{"line":44,"column":16},"end":{"line":44,"column":108}},"27":{"start":{"line":44,"column":43},"end":{"line":44,"column":108}},"28":{"start":{"line":46,"column":12},"end":{"line":46,"column":128}},"29":{"start":{"line":46,"column":82},"end":{"line":46,"column":128}},"30":{"start":{"line":48,"column":8},"end":{"line":48,"column":30}},"31":{"start":{"line":51,"column":36},"end":{"line":73,"column":5}},"32":{"start":{"line":52,"column":25},"end":{"line":52,"column":35}},"33":{"start":{"line":53,"column":25},"end":{"line":53,"column":26}},"34":{"start":{"line":54,"column":8},"end":{"line":71,"column":9}},"35":{"start":{"line":55,"column":12},"end":{"line":55,"column":56}},"36":{"start":{"line":55,"column":47},"end":{"line":55,"column":56}},"37":{"start":{"line":56,"column":39},"end":{"line":56,"column":79}},"38":{"start":{"line":57,"column":12},"end":{"line":70,"column":13}},"39":{"start":{"line":58,"column":36},"end":{"line":58,"column":37}},"40":{"start":{"line":59,"column":33},"end":{"line":59,"column":70}},"41":{"start":{"line":60,"column":24},"end":{"line":60,"column":33}},"42":{"start":{"line":61,"column":34},"end":{"line":61,"column":39}},"43":{"start":{"line":62,"column":16},"end":{"line":68,"column":17}},"44":{"start":{"line":63,"column":20},"end":{"line":66,"column":40}},"45":{"start":{"line":64,"column":24},"end":{"line":64,"column":43}},"46":{"start":{"line":66,"column":24},"end":{"line":66,"column":40}},"47":{"start":{"line":67,"column":20},"end":{"line":67,"column":24}},"48":{"start":{"line":69,"column":16},"end":{"line":69,"column":85}},"49":{"start":{"line":69,"column":72},"end":{"line":69,"column":85}},"50":{"start":{"line":72,"column":8},"end":{"line":72,"column":26}},"51":{"start":{"line":75,"column":0},"end":{"line":75,"column":27}}},"fnMap":{"0":{"name":"(anonymous_0)","decl":{"start":{"line":8,"column":4},"end":{"line":8,"column":5}},"loc":{"start":{"line":8,"column":44},"end":{"line":10,"column":5}},"line":8},"1":{"name":"(anonymous_1)","decl":{"start":{"line":9,"column":23},"end":{"line":9,"column":24}},"loc":{"start":{"line":9,"column":33},"end":{"line":9,"column":51}},"line":9},"2":{"name":"(anonymous_2)","decl":{"start":{"line":17,"column":28},"end":{"line":17,"column":29}},"loc":{"start":{"line":17,"column":74},"end":{"line":23,"column":5}},"line":17},"3":{"name":"(anonymous_3)","decl":{"start":{"line":30,"column":30},"end":{"line":30,"column":31}},"loc":{"start":{"line":30,"column":63},"end":{"line":49,"column":5}},"line":30},"4":{"name":"(anonymous_4)","decl":{"start":{"line":51,"column":36},"end":{"line":51,"column":37}},"loc":{"start":{"line":51,"column":45},"end":{"line":73,"column":5}},"line":51}},"branchMap":{"0":{"loc":{"start":{"line":37,"column":16},"end":{"line":37,"column":101}},"type":"if","locations":[{"start":{"line":37,"column":16},"end":{"line":37,"column":101}},{"start":{"line":37,"column":16},"end":{"line":37,"column":101}}],"line":37},"1":{"loc":{"start":{"line":37,"column":20},"end":{"line":37,"column":41}},"type":"binary-expr","locations":[{"start":{"line":37,"column":20},"end":{"line":37,"column":26}},{"start":{"line":37,"column":30},"end":{"line":37,"column":41}}],"line":37},"2":{"loc":{"start":{"line":39,"column":12},"end":{"line":39,"column":114}},"type":"if","locations":[{"start":{"line":39,"column":12},"end":{"line":39,"column":114}},{"start":{"line":39,"column":12},"end":{"line":39,"column":114}}],"line":39},"3":{"loc":{"start":{"line":44,"column":16},"end":{"line":44,"column":108}},"type":"if","locations":[{"start":{"line":44,"column":16},"end":{"line":44,"column":108}},{"start":{"line":44,"column":16},"end":{"line":44,"column":108}}],"line":44},"4":{"loc":{"start":{"line":44,"column":20},"end":{"line":44,"column":41}},"type":"binary-expr","locations":[{"start":{"line":44,"column":20},"end":{"line":44,"column":26}},{"start":{"line":44,"column":30},"end":{"line":44,"column":41}}],"line":44},"5":{"loc":{"start":{"line":46,"column":12},"end":{"line":46,"column":128}},"type":"if","locations":[{"start":{"line":46,"column":12},"end":{"line":46,"column":128}},{"start":{"line":46,"column":12},"end":{"line":46,"column":128}}],"line":46},"6":{"loc":{"start":{"line":55,"column":12},"end":{"line":55,"column":56}},"type":"if","locations":[{"start":{"line":55,"column":12},"end":{"line":55,"column":56}},{"start":{"line":55,"column":12},"end":{"line":55,"column":56}}],"line":55},"7":{"loc":{"start":{"line":57,"column":12},"end":{"line":70,"column":13}},"type":"if","locations":[{"start":{"line":57,"column":12},"end":{"line":70,"column":13}},{"start":{"line":57,"column":12},"end":{"line":70,"column":13}}],"line":57},"8":{"loc":{"start":{"line":62,"column":23},"end":{"line":62,"column":67}},"type":"binary-expr","locations":[{"start":{"line":62,"column":23},"end":{"line":62,"column":35}},{"start":{"line":62,"column":39},"end":{"line":62,"column":51}},{"start":{"line":62,"column":55},"end":{"line":62,"column":67}}],"line":62},"9":{"loc":{"start":{"line":63,"column":20},"end":{"line":66,"column":40}},"type":"if","locations":[{"start":{"line":63,"column":20},"end":{"line":66,"column":40}},{"start":{"line":63,"column":20},"end":{"line":66,"column":40}}],"line":63},"10":{"loc":{"start":{"line":69,"column":16},"end":{"line":69,"column":85}},"type":"if","locations":[{"start":{"line":69,"column":16},"end":{"line":69,"column":85}},{"start":{"line":69,"column":16},"end":{"line":69,"column":85}}],"line":69}},"s":{"0":2,"1":9,"2":46,"3":2,"4":15,"5":15,"6":15,"7":86,"8":15,"9":2,"10":6,"11":6,"12":6,"13":6,"14":66,"15":66,"16":66,"17":396,"18":396,"19":216,"20":66,"21":30,"22":66,"23":66,"24":66,"25":396,"26":396,"27":210,"28":66,"29":30,"30":6,"31":2,"32":48,"33":48,"34":48,"35":262,"36":7,"37":255,"38":255,"39":116,"40":116,"41":116,"42":116,"43":116,"44":158,"45":110,"46":48,"47":158,"48":116,"49":6,"50":48,"51":2},"f":{"0":9,"1":46,"2":15,"3":6,"4":48},"b":{"0":[216,180],"1":[396,306],"2":[30,36],"3":[210,186],"4":[396,270],"5":[30,36],"6":[7,255],"7":[116,139],"8":[274,272,263],"9":[110,48],"10":[6,110]},"_coverageSchema":"1a1c01bbd47fc00a2c39e90264f33305004495a9","hash":"94fb04459a09ccca584d7842958185fbaa58b465"}
,"/Users/jeffrey_espinelhotmail.com/Documents/jeffrey/meli/x-men-dna-analyzer/src/model/dnaStats.js": {"path":"/Users/jeffrey_espinelhotmail.com/Documents/jeffrey/meli/x-men-dna-analyzer/src/model/dnaStats.js","statementMap":{"0":{"start":{"line":1,"column":18},"end":{"line":1,"column":38}},"1":{"start":{"line":3,"column":15},"end":{"line":26,"column":1}},"2":{"start":{"line":28,"column":26},"end":{"line":30,"column":2}},"3":{"start":{"line":31,"column":0},"end":{"line":31,"column":39}}},"fnMap":{},"branchMap":{},"s":{"0":1,"1":1,"2":1,"3":1},"f":{},"b":{},"_coverageSchema":"1a1c01bbd47fc00a2c39e90264f33305004495a9","hash":"1a93854010111a5b7e3ec4e12b98dc25e512334b"}
,"/Users/jeffrey_espinelhotmail.com/Documents/jeffrey/meli/x-men-dna-analyzer/src/services/xmenQueueService.js": {"path":"/Users/jeffrey_espinelhotmail.com/Documents/jeffrey/meli/x-men-dna-analyzer/src/services/xmenQueueService.js","statementMap":{"0":{"start":{"line":1,"column":10},"end":{"line":1,"column":28}},"1":{"start":{"line":2,"column":0},"end":{"line":3,"column":47}},"2":{"start":{"line":3,"column":4},"end":{"line":3,"column":47}},"3":{"start":{"line":4,"column":10},"end":{"line":4,"column":23}},"4":{"start":{"line":6,"column":22},"end":{"line":6,"column":54}},"5":{"start":{"line":8,"column":0},"end":{"line":27,"column":1}},"6":{"start":{"line":11,"column":17},"end":{"line":16,"column":5}},"7":{"start":{"line":18,"column":21},"end":{"line":22,"column":5}},"8":{"start":{"line":23,"column":4},"end":{"line":26,"column":6}},"9":{"start":{"line":24,"column":8},"end":{"line":24,"column":34}},"10":{"start":{"line":24,"column":17},"end":{"line":24,"column":34}},"11":{"start":{"line":25,"column":8},"end":{"line":25,"column":30}},"12":{"start":{"line":29,"column":0},"end":{"line":29,"column":35}}},"fnMap":{"0":{"name":"(anonymous_0)","decl":{"start":{"line":8,"column":16},"end":{"line":8,"column":17}},"loc":{"start":{"line":8,"column":32},"end":{"line":27,"column":1}},"line":8},"1":{"name":"(anonymous_1)","decl":{"start":{"line":23,"column":30},"end":{"line":23,"column":31}},"loc":{"start":{"line":23,"column":45},"end":{"line":26,"column":5}},"line":23}},"branchMap":{"0":{"loc":{"start":{"line":2,"column":0},"end":{"line":3,"column":47}},"type":"if","locations":[{"start":{"line":2,"column":0},"end":{"line":3,"column":47}},{"start":{"line":2,"column":0},"end":{"line":3,"column":47}}],"line":2},"1":{"loc":{"start":{"line":24,"column":8},"end":{"line":24,"column":34}},"type":"if","locations":[{"start":{"line":24,"column":8},"end":{"line":24,"column":34}},{"start":{"line":24,"column":8},"end":{"line":24,"column":34}}],"line":24}},"s":{"0":2,"1":2,"2":1,"3":2,"4":2,"5":2,"6":3,"7":3,"8":3,"9":0,"10":0,"11":0,"12":2},"f":{"0":3,"1":0},"b":{"0":[1,1],"1":[0,0]},"_coverageSchema":"1a1c01bbd47fc00a2c39e90264f33305004495a9","hash":"b026ac3ec853f7fa62c9a20ef034cf28bb83e8cf"}
,"/Users/jeffrey_espinelhotmail.com/Documents/jeffrey/meli/x-men-dna-analyzer/src/test/unit/mocks/dna.js": {"path":"/Users/jeffrey_espinelhotmail.com/Documents/jeffrey/meli/x-men-dna-analyzer/src/test/unit/mocks/dna.js","statementMap":{"0":{"start":{"line":1,"column":19},"end":{"line":1,"column":31}},"1":{"start":{"line":2,"column":25},"end":{"line":2,"column":49}},"2":{"start":{"line":3,"column":33},"end":{"line":3,"column":57}},"3":{"start":{"line":5,"column":16},"end":{"line":12,"column":1}},"4":{"start":{"line":14,"column":24},"end":{"line":21,"column":1}},"5":{"start":{"line":23,"column":24},"end":{"line":34,"column":1}},"6":{"start":{"line":37,"column":17},"end":{"line":44,"column":1}},"7":{"start":{"line":46,"column":0},"end":{"line":54,"column":2}}},"fnMap":{},"branchMap":{},"s":{"0":3,"1":3,"2":3,"3":3,"4":3,"5":3,"6":3,"7":3},"f":{},"b":{},"_coverageSchema":"1a1c01bbd47fc00a2c39e90264f33305004495a9","hash":"775eb62dc6a1acd1be65b7e06712155fc983f611"}
,"/Users/jeffrey_espinelhotmail.com/Documents/jeffrey/meli/x-men-dna-analyzer/src/test/unit/mocks/stats.js": {"path":"/Users/jeffrey_espinelhotmail.com/Documents/jeffrey/meli/x-men-dna-analyzer/src/test/unit/mocks/stats.js","statementMap":{"0":{"start":{"line":5,"column":17},"end":{"line":5,"column":33}},"1":{"start":{"line":5,"column":29},"end":{"line":5,"column":33}},"2":{"start":{"line":6,"column":11},"end":{"line":15,"column":5}},"3":{"start":{"line":6,"column":17},"end":{"line":15,"column":5}},"4":{"start":{"line":17,"column":0},"end":{"line":17,"column":23}}},"fnMap":{"0":{"name":"(anonymous_0)","decl":{"start":{"line":2,"column":4},"end":{"line":2,"column":5}},"loc":{"start":{"line":2,"column":18},"end":{"line":4,"column":5}},"line":2},"1":{"name":"(anonymous_1)","decl":{"start":{"line":5,"column":17},"end":{"line":5,"column":18}},"loc":{"start":{"line":5,"column":29},"end":{"line":5,"column":33}},"line":5},"2":{"name":"(anonymous_2)","decl":{"start":{"line":6,"column":11},"end":{"line":6,"column":12}},"loc":{"start":{"line":6,"column":17},"end":{"line":15,"column":5}},"line":6}},"branchMap":{},"s":{"0":1,"1":1,"2":1,"3":1,"4":1},"f":{"0":1,"1":1,"2":1},"b":{},"_coverageSchema":"1a1c01bbd47fc00a2c39e90264f33305004495a9","hash":"d33a6349774261b9bda1ac3311b32dfecb47be6a"}
,"/Users/jeffrey_espinelhotmail.com/Documents/jeffrey/meli/x-men-dna-analyzer/src/test/unit/schemas/customResponse.js": {"path":"/Users/jeffrey_espinelhotmail.com/Documents/jeffrey/meli/x-men-dna-analyzer/src/test/unit/schemas/customResponse.js","statementMap":{"0":{"start":{"line":1,"column":12},"end":{"line":1,"column":26}},"1":{"start":{"line":3,"column":17},"end":{"line":5,"column":1}},"2":{"start":{"line":7,"column":0},"end":{"line":9,"column":2}}},"fnMap":{},"branchMap":{},"s":{"0":1,"1":1,"2":1},"f":{},"b":{},"_coverageSchema":"1a1c01bbd47fc00a2c39e90264f33305004495a9","hash":"2c2d092b230d96f330a18fd2aabed09d60bf200e"}
,"/Users/jeffrey_espinelhotmail.com/Documents/jeffrey/meli/x-men-dna-analyzer/src/test/unit/schemas/stats.js": {"path":"/Users/jeffrey_espinelhotmail.com/Documents/jeffrey/meli/x-men-dna-analyzer/src/test/unit/schemas/stats.js","statementMap":{"0":{"start":{"line":1,"column":12},"end":{"line":1,"column":26}},"1":{"start":{"line":3,"column":14},"end":{"line":7,"column":1}},"2":{"start":{"line":9,"column":0},"end":{"line":11,"column":2}}},"fnMap":{},"branchMap":{},"s":{"0":1,"1":1,"2":1},"f":{},"b":{},"_coverageSchema":"1a1c01bbd47fc00a2c39e90264f33305004495a9","hash":"751860838e1056bc63937d1e03393a9b926c8d36"}
}
